root - INFO - Start time: 2024-11-14 07:29:02.342369
root - INFO - Calculated time zone offset: -7.0 hours
root - INFO - Station: Dahl Peak...
root - INFO - Layer: GDPS.ETA_TT...
root - INFO - Commence wmw call: 2024-11-14 07:29:07.089670
root - INFO - Complete wmw call: 2024-11-14 07:29:50.798347
root - INFO - Layer: GDPS.ETA_PN-SLP...
root - INFO - Commence wmw call: 2024-11-14 07:29:50.800037
root - INFO - Complete wmw call: 2024-11-14 07:30:32.354964
root - INFO - Layer: GDPS.ETA_HR...
root - INFO - Commence wmw call: 2024-11-14 07:30:32.355992
root - INFO - Complete wmw call: 2024-11-14 07:31:13.578926
root - INFO - Layer: GDPS.ETA_RN...
root - INFO - Commence wmw call: 2024-11-14 07:31:13.579868
root - INFO - Complete wmw call: 2024-11-14 07:31:56.184650
root - INFO - Layer: GDPS.ETA_SN...
root - INFO - Commence wmw call: 2024-11-14 07:31:56.185621
root - INFO - Complete wmw call: 2024-11-14 07:32:38.397614
root - INFO - Layer: GDPS.PRES_WD.800.3h...
root - INFO - Commence wmw call: 2024-11-14 07:32:38.398961
root - INFO - Complete wmw call: 2024-11-14 07:33:07.325796
root - INFO - Layer: GDPS.PRES_WSPD.800.3h...
root - INFO - Commence wmw call: 2024-11-14 07:33:07.328751
root - INFO - Complete wmw call: 2024-11-14 07:33:39.272996
root - INFO - Layer: GEPS.DIAG.3_TT.ERMEAN...
root - INFO - Commence wmw call: 2024-11-14 07:33:39.274379
root - INFO - Complete wmw call: 2024-11-14 07:34:33.514854
root - INFO - Layer: GEPS.DIAG.3_TT.ERC25...
root - INFO - Commence wmw call: 2024-11-14 07:34:33.516181
root - INFO - Complete wmw call: 2024-11-14 07:35:25.709934
root - INFO - Layer: GEPS.DIAG.3_TT.ERC75...
root - INFO - Commence wmw call: 2024-11-14 07:35:25.711348
root - INFO - Complete wmw call: 2024-11-14 07:36:19.622795
root - INFO - Layer: GEPS.DIAG.3_WCF.ERMEAN...
root - INFO - Commence wmw call: 2024-11-14 07:36:19.624166
root - INFO - Complete wmw call: 2024-11-14 07:37:15.218366
root - INFO - Layer: GEPS.DIAG.24_PRMM.ERGE1...
root - INFO - Commence wmw call: 2024-11-14 07:37:15.219666
root - INFO - Complete wmw call: 2024-11-14 07:37:28.012536
root - INFO - Layer: GEPS.DIAG.24_RNMM.ERGE1...
root - INFO - Commence wmw call: 2024-11-14 07:37:28.014569
root - INFO - Complete wmw call: 2024-11-14 07:37:39.849970
root - INFO - Layer: GEPS.DIAG.24_RNMM.ERGE10...
root - INFO - Commence wmw call: 2024-11-14 07:37:39.851664
root - INFO - Complete wmw call: 2024-11-14 07:37:52.200160
root - INFO - Layer: GEPS.DIAG.24_RNMM.ERGE25...
root - INFO - Commence wmw call: 2024-11-14 07:37:52.201988
root - INFO - Complete wmw call: 2024-11-14 07:38:04.698079
root - INFO - Layer: GEPS.DIAG.24_RNMM.ERMEAN...
root - INFO - Commence wmw call: 2024-11-14 07:38:04.700754
root - INFO - Complete wmw call: 2024-11-14 07:38:17.226179
root - INFO - Layer: GEPS.DIAG.24_RNMM.ERC25...
root - INFO - Commence wmw call: 2024-11-14 07:38:17.229421
root - INFO - Complete wmw call: 2024-11-14 07:38:29.806533
root - INFO - Layer: GEPS.DIAG.24_RNMM.ERC75...
root - INFO - Commence wmw call: 2024-11-14 07:38:29.808346
root - INFO - Complete wmw call: 2024-11-14 07:38:42.389258
root - INFO - Layer: GEPS.DIAG.24_SNMM.ERGE1...
root - INFO - Commence wmw call: 2024-11-14 07:38:42.390527
root - INFO - Complete wmw call: 2024-11-14 07:38:55.740662
root - INFO - Layer: GEPS.DIAG.24_SNMM.ERGE10...
root - INFO - Commence wmw call: 2024-11-14 07:38:55.741905
root - INFO - Complete wmw call: 2024-11-14 07:39:08.077468
root - INFO - Layer: GEPS.DIAG.24_SNMM.ERGE25...
root - INFO - Commence wmw call: 2024-11-14 07:39:08.078737
root - INFO - Complete wmw call: 2024-11-14 07:39:21.186188
root - INFO - Layer: GEPS.DIAG.24_SNMM.ERMEAN...
root - INFO - Commence wmw call: 2024-11-14 07:39:21.188135
root - INFO - Complete wmw call: 2024-11-14 07:39:34.245572
root - INFO - Layer: GEPS.DIAG.24_SNMM.ERC25...
root - INFO - Commence wmw call: 2024-11-14 07:39:34.247484
root - INFO - Complete wmw call: 2024-11-14 07:39:47.185601
root - INFO - Layer: GEPS.DIAG.24_SNMM.ERC75...
root - INFO - Commence wmw call: 2024-11-14 07:39:47.187383
root - INFO - Complete wmw call: 2024-11-14 07:40:00.685447
root - INFO - None
root - INFO - End Time: 2024-11-14 07:40:00.688296
root - INFO - Station: Log Cabin...
root - INFO - Layer: GDPS.ETA_TT...
root - INFO - Commence wmw call: 2024-11-14 07:40:00.688738
root - INFO - Complete wmw call: 2024-11-14 07:40:42.062190
root - INFO - Layer: GDPS.ETA_PN-SLP...
root - INFO - Commence wmw call: 2024-11-14 07:40:42.063589
root - INFO - Complete wmw call: 2024-11-14 07:41:23.943409
root - INFO - Layer: GDPS.ETA_HR...
root - INFO - Commence wmw call: 2024-11-14 07:41:23.944330
root - INFO - Complete wmw call: 2024-11-14 07:42:05.696064
root - INFO - Layer: GDPS.ETA_RN...
root - INFO - Commence wmw call: 2024-11-14 07:42:05.697007
root - INFO - Complete wmw call: 2024-11-14 07:42:49.448045
root - INFO - Layer: GDPS.ETA_SN...
root - INFO - Commence wmw call: 2024-11-14 07:42:49.449134
root - INFO - Complete wmw call: 2024-11-14 07:43:32.256973
root - INFO - Layer: GDPS.PRES_WD.800.3h...
root - INFO - Commence wmw call: 2024-11-14 07:43:32.258780
root - INFO - Complete wmw call: 2024-11-14 07:44:02.135015
root - INFO - Layer: GDPS.PRES_WSPD.800.3h...
root - INFO - Commence wmw call: 2024-11-14 07:44:02.136409
root - INFO - Complete wmw call: 2024-11-14 07:44:31.891279
root - INFO - Layer: GEPS.DIAG.3_TT.ERMEAN...
root - INFO - Commence wmw call: 2024-11-14 07:44:31.892659
root - INFO - Complete wmw call: 2024-11-14 07:45:25.857877
root - INFO - Layer: GEPS.DIAG.3_TT.ERC25...
root - INFO - Commence wmw call: 2024-11-14 07:45:25.859169
root - INFO - Complete wmw call: 2024-11-14 07:46:16.734512
root - INFO - Layer: GEPS.DIAG.3_TT.ERC75...
root - INFO - Commence wmw call: 2024-11-14 07:46:16.735802
root - INFO - Complete wmw call: 2024-11-14 07:47:10.647556
root - INFO - Layer: GEPS.DIAG.3_WCF.ERMEAN...
root - INFO - Commence wmw call: 2024-11-14 07:47:10.648875
root - INFO - Complete wmw call: 2024-11-14 07:48:04.504017
root - INFO - Layer: GEPS.DIAG.24_PRMM.ERGE1...
root - INFO - Commence wmw call: 2024-11-14 07:48:04.505297
root - INFO - Complete wmw call: 2024-11-14 07:48:16.814538
root - INFO - Layer: GEPS.DIAG.24_RNMM.ERGE1...
root - INFO - Commence wmw call: 2024-11-14 07:48:16.815746
root - INFO - Complete wmw call: 2024-11-14 07:48:29.524163
root - INFO - Layer: GEPS.DIAG.24_RNMM.ERGE10...
root - INFO - Commence wmw call: 2024-11-14 07:48:29.526077
root - INFO - Complete wmw call: 2024-11-14 07:48:42.638193
root - INFO - Layer: GEPS.DIAG.24_RNMM.ERGE25...
root - INFO - Commence wmw call: 2024-11-14 07:48:42.639505
root - INFO - Complete wmw call: 2024-11-14 07:48:55.649056
root - INFO - Layer: GEPS.DIAG.24_RNMM.ERMEAN...
root - INFO - Commence wmw call: 2024-11-14 07:48:55.650806
root - INFO - Complete wmw call: 2024-11-14 07:49:08.188540
root - INFO - Layer: GEPS.DIAG.24_RNMM.ERC25...
root - INFO - Commence wmw call: 2024-11-14 07:49:08.190204
root - INFO - Complete wmw call: 2024-11-14 07:49:21.406552
root - INFO - Layer: GEPS.DIAG.24_RNMM.ERC75...
root - INFO - Commence wmw call: 2024-11-14 07:49:21.409583
root - INFO - Complete wmw call: 2024-11-14 07:49:34.133550
root - INFO - Layer: GEPS.DIAG.24_SNMM.ERGE1...
root - INFO - Commence wmw call: 2024-11-14 07:49:34.135103
root - INFO - Complete wmw call: 2024-11-14 07:49:47.327002
root - INFO - Layer: GEPS.DIAG.24_SNMM.ERGE10...
root - INFO - Commence wmw call: 2024-11-14 07:49:47.328211
root - INFO - Complete wmw call: 2024-11-14 07:49:59.548335
root - INFO - Layer: GEPS.DIAG.24_SNMM.ERGE25...
root - INFO - Commence wmw call: 2024-11-14 07:49:59.549724
root - INFO - Complete wmw call: 2024-11-14 07:50:12.889103
root - INFO - Layer: GEPS.DIAG.24_SNMM.ERMEAN...
root - INFO - Commence wmw call: 2024-11-14 07:50:12.890811
root - INFO - Complete wmw call: 2024-11-14 07:50:25.996876
root - INFO - Layer: GEPS.DIAG.24_SNMM.ERC25...
root - INFO - Commence wmw call: 2024-11-14 07:50:25.999096
root - INFO - Complete wmw call: 2024-11-14 07:50:38.606044
root - INFO - Layer: GEPS.DIAG.24_SNMM.ERC75...
root - INFO - Commence wmw call: 2024-11-14 07:50:38.607316
root - INFO - Complete wmw call: 2024-11-14 07:50:51.665830
root - INFO - None
root - INFO - End Time: 2024-11-14 07:50:51.667976
